[18:01:01] [Server thread/INFO]: Starting minecraft server version 1.12
[18:01:01] [Server thread/WARN]: To start the server with more ram, launch it as "java -Xmx1024M -Xms1024M -jar minecraft_server.jar"
[18:01:01] [Server thread/INFO]: Loading properties
[18:01:01] [Server thread/INFO]: Default game type: SURVIVAL
[18:01:01] [Server thread/INFO]: Generating keypair
[18:01:03] [Server thread/INFO]: Starting Minecraft server on *:25565
[18:01:03] [Server thread/INFO]: Using default channel type
[18:01:04] [Server thread/INFO]: Preparing level "world"
[18:01:05] [Server thread/INFO]: Loaded 488 advancements
[18:01:05] [Server thread/INFO]: Preparing start region for level 0
[18:01:08] [Server thread/INFO]: Preparing spawn area: 0%
[18:01:09] [Server thread/INFO]: Preparing spawn area: 6%
[18:01:10] [Server thread/INFO]: Preparing spawn area: 15%
[18:01:11] [Server thread/INFO]: Preparing spawn area: 24%
[18:01:12] [Server thread/INFO]: Preparing spawn area: 31%
[18:01:13] [Server thread/INFO]: Preparing spawn area: 38%
[18:01:14] [Server thread/INFO]: Preparing spawn area: 45%
[18:01:15] [Server thread/INFO]: Preparing spawn area: 52%
[18:01:16] [Server thread/INFO]: Preparing spawn area: 60%
[18:01:17] [Server thread/INFO]: Preparing spawn area: 66%
[18:01:18] [Server thread/INFO]: Preparing spawn area: 71%
[18:01:19] [Server thread/INFO]: Preparing spawn area: 80%
[18:01:20] [Server thread/INFO]: Preparing spawn area: 89%
[18:01:21] [Server thread/INFO]: Preparing spawn area: 98%
[18:01:21] [Server thread/INFO]: Done (17.795s)! For help, type "help" or "?"
[18:01:28] [Server thread/WARN]: Can't keep up! Did the system time change, or is the server overloaded? Running 3512ms behind, skipping 70 tick(s)
[18:01:54] [Server thread/INFO]: Stopping the server
[18:01:54] [Server thread/INFO]: Stopping server
[18:01:54] [Server thread/INFO]: Saving players
[18:01:54] [Server thread/INFO]: Saving worlds
[18:01:54] [Server thread/INFO]: Saving chunks for level 'world'/overworld
[18:01:56] [Server thread/INFO]: Saving chunks for level 'world'/the_nether
[18:01:56] [Server thread/INFO]: Saving chunks for level 'world'/the_end
[18:01:56] [Server Shutdown Thread/INFO]: Stopping server
